<?xml version="1.0" encoding="UTF-8"?>
<!-- Generated by org.testng.reporters.JUnitReportReporter -->
<testsuite name="ModuleScenario1.TestNGDemo" tests="1" time="0.019" ignored="0" failures="0" timestamp="17 Feb 2019 18:06:23 GMT" skipped="0" hostname="kuldeep-PC" errors="0">
  <testcase name="f" time="0.019" classname="ModuleScenario1.TestNGDemo"/>
</testsuite> <!-- ModuleScenario1.TestNGDemo -->
