<?xml version="1.0" encoding="UTF-8"?>
<!-- Generated by org.testng.reporters.JUnitReportReporter -->
<testsuite skipped="0" hostname="kuldeep-PC" name="module6.demotest" tests="1" failures="0" timestamp="18 Feb 2019 17:59:12 GMT" time="3.918" errors="0">
  <testcase name="EnterData" time="3.918" classname="module6.demotest"/>
</testsuite> <!-- module6.demotest -->
