<?xml version="1.0" encoding="UTF-8"?>
<!-- Generated by org.testng.reporters.JUnitReportReporter -->
<testsuite skipped="0" hostname="kuldeep-PC" name="module6.childWindowAction" tests="1" failures="0" timestamp="19 Feb 2019 18:27:13 GMT" time="18.060" errors="0">
  <testcase name="childwindow" time="18.060" classname="module6.childWindowAction"/>
</testsuite> <!-- module6.childWindowAction -->
