<?xml version="1.0" encoding="UTF-8"?>
<!-- Generated by org.testng.reporters.JUnitReportReporter -->
<testsuite skipped="0" hostname="kuldeep-PC" name="module6.NewTest" tests="1" failures="0" timestamp="19 Feb 2019 18:14:27 GMT" time="15.761" errors="0">
  <testcase name="f" time="15.761" classname="module6.NewTest"/>
</testsuite> <!-- module6.NewTest -->
